<?xml version="1.0" encoding="UTF-8"?>
<testsuite xmlns:xsi="http://www.w3.org/2001/XMLSchema-instance" xsi:noNamespaceSchemaLocation="https://maven.apache.org/surefire/maven-surefire-plugin/xsd/surefire-test-report.xsd" version="3.0.2" name="ru.sso_server_real.SsoServerRealApplicationTests" time="34.944" tests="1" errors="0" skipped="0" failures="0">
  <properties>
[...]
</properties>
  <testcase name="contextLoads" classname="ru.sso_server_real.SsoServerRealApplicationTests" time="4.488">
    <system-out><![CDATA[20:50:48.777 [main] INFO org.springframework.test.context.support.AnnotationConfigContextLoaderUtils -- Could not detect default configuration classes for test class [ru.sso_server_real.SsoServerRealApplicationTests]: SsoServerRealApplicationTests does not declare any static, non-private, non-final, nested classes annotated with @Configuration.
20:50:49.399 [main] INFO org.springframework.boot.test.context.SpringBootTestContextBootstrapper -- Found @SpringBootConfiguration ru.sso_server_real.SsoServerRealApplication for test class ru.sso_server_real.SsoServerRealApplicationTests

  .   ____          _            __ _ _
 /\\ / ___'_ __ _ _(_)_ __  __ _ \ \ \ \
( ( )\___ | '_ | '_| | '_ \/ _` | \ \ \ \
 \\/  ___)| |_)| | | | | || (_| |  ) ) ) )
  '  |____| .__|_| |_|_| |_\__, | / / / /
 =========|_|==============|___/=/_/_/_/

 :: Spring Boot ::                (v3.4.2)

2025-05-18T20:50:51.573+04:00  INFO 19848 --- [sso-server-real] [           main] r.s.SsoServerRealApplicationTests        : Starting SsoServerRealApplicationTests using Java 17.0.6 with PID 19848 (started by Acer in C:\Users\Acer\eclipse-workspace\sso-server-real)
2025-05-18T20:50:51.580+04:00  INFO 19848 --- [sso-server-real] [           main] r.s.SsoServerRealApplicationTests        : No active profile set, falling back to 1 default profile: "default"
2025-05-18T20:50:54.651+04:00  INFO 19848 --- [sso-server-real] [           main] .s.d.r.c.RepositoryConfigurationDelegate : Bootstrapping Spring Data JPA repositories in DEFAULT mode.
2025-05-18T20:50:54.950+04:00  INFO 19848 --- [sso-server-real] [           main] .s.d.r.c.RepositoryConfigurationDelegate : Finished Spring Data repository scanning in 256 ms. Found 3 JPA repository interfaces.
2025-05-18T20:50:57.670+04:00  INFO 19848 --- [sso-server-real] [           main] o.hibernate.jpa.internal.util.LogHelper  : HHH000204: Processing PersistenceUnitInfo [name: default]
2025-05-18T20:50:58.080+04:00  INFO 19848 --- [sso-server-real] [           main] org.hibernate.Version                    : HHH000412: Hibernate ORM core version 6.6.5.Final
2025-05-18T20:50:58.302+04:00  INFO 19848 --- [sso-server-real] [           main] o.h.c.internal.RegionFactoryInitiator    : HHH000026: Second-level cache disabled
2025-05-18T20:51:00.024+04:00  INFO 19848 --- [sso-server-real] [           main] o.s.o.j.p.SpringPersistenceUnitInfo      : No LoadTimeWeaver setup: ignoring JPA class transformer
2025-05-18T20:51:00.338+04:00  INFO 19848 --- [sso-server-real] [           main] com.zaxxer.hikari.HikariDataSource       : HikariPool-1 - Starting...
2025-05-18T20:51:01.188+04:00  INFO 19848 --- [sso-server-real] [           main] com.zaxxer.hikari.pool.HikariPool        : HikariPool-1 - Added connection org.postgresql.jdbc.PgConnection@1958c0d9
2025-05-18T20:51:01.196+04:00  INFO 19848 --- [sso-server-real] [           main] com.zaxxer.hikari.HikariDataSource       : HikariPool-1 - Start completed.
2025-05-18T20:51:01.451+04:00  WARN 19848 --- [sso-server-real] [           main] org.hibernate.orm.deprecation            : HHH90000025: PostgreSQLDialect does not need to be specified explicitly using 'hibernate.dialect' (remove the property setting and it will be selected by default)
2025-05-18T20:51:01.571+04:00  INFO 19848 --- [sso-server-real] [           main] org.hibernate.orm.connections.pooling    : HHH10001005: Database info:
	Database JDBC URL [Connecting through datasource 'HikariDataSource (HikariPool-1)']
	Database driver: undefined/unknown
	Database version: 16.2
	Autocommit mode: undefined/unknown
	Isolation level: undefined/unknown
	Minimum pool size: undefined/unknown
	Maximum pool size: undefined/unknown
2025-05-18T20:51:05.506+04:00  INFO 19848 --- [sso-server-real] [           main] o.h.e.t.j.p.i.JtaPlatformInitiator       : HHH000489: No JTA platform available (set 'hibernate.transaction.jta.platform' to enable JTA platform integration)
2025-05-18T20:51:06.059+04:00  INFO 19848 --- [sso-server-real] [           main] j.LocalContainerEntityManagerFactoryBean : Initialized JPA EntityManagerFactory for persistence unit 'default'
2025-05-18T20:51:08.526+04:00  WARN 19848 --- [sso-server-real] [           main] JpaBaseConfiguration$JpaWebConfiguration : spring.jpa.open-in-view is enabled by default. Therefore, database queries may be performed during view rendering. Explicitly configure spring.jpa.open-in-view to disable this warning
2025-05-18T20:51:13.373+04:00  WARN 19848 --- [sso-server-real] [           main] .s.s.UserDetailsServiceAutoConfiguration : 

Using generated security password: d57df60d-b67c-46ca-a087-452865b3b770

This generated password is for development use only. Your security configuration must be updated before running your application in production.

2025-05-18T20:51:13.511+04:00  INFO 19848 --- [sso-server-real] [           main] r$InitializeUserDetailsManagerConfigurer : Global AuthenticationManager configured with UserDetailsService bean with name inMemoryUserDetailsManager
2025-05-18T20:51:18.316+04:00  INFO 19848 --- [sso-server-real] [           main] r.s.SsoServerRealApplicationTests        : Started SsoServerRealApplicationTests in 28.121 seconds (process running for 34.525)
]]></system-out>
  </testcase>
</testsuite>